0 verbose cli /data/data/com.termux/files/usr/bin/node /data/data/com.termux/files/usr/bin/npm
1 info using npm@10.9.2
2 info using node@v23.11.0
3 silly config load:file:/data/data/com.termux/files/usr/lib/node_modules/npm/npmrc
4 silly config load:file:/data/data/com.termux/files/home/primeiravendaonline/.npmrc
5 silly config load:file:/data/data/com.termux/files/home/.npmrc
6 silly config load:file:/data/data/com.termux/files/usr/etc/npmrc
7 verbose title npm install gh-pages
8 verbose argv "install" "gh-pages" "--save-dev"
9 verbose logfile logs-max:10 dir:/data/data/com.termux/files/home/.npm/_logs/2025-04-17T08_36_19_782Z-
10 verbose logfile /data/data/com.termux/files/home/.npm/_logs/2025-04-17T08_36_19_782Z-debug-0.log
11 silly logfile start cleaning logs, removing 1 files
12 silly packumentCache heap:996409344 maxSize:249102336 maxEntrySize:124551168
13 silly logfile done cleaning log files
14 silly idealTree buildDeps
15 silly fetch manifest gh-pages@^6.3.0
16 silly packumentCache full:https://registry.npmjs.org/gh-pages cache-miss
17 http fetch GET 200 https://registry.npmjs.org/gh-pages 2722ms (cache updated)
18 silly packumentCache full:https://registry.npmjs.org/gh-pages set size:undefined disposed:false
19 silly placeDep ROOT gh-pages@6.3.0 REPLACE for: rest-express@1.0.0 want: ^6.3.0
20 silly reify moves {}
21 silly audit bulk request {
21 silly audit   '@alloc/quick-lru': [ '5.2.0' ],
21 silly audit   '@ampproject/remapping': [ '2.3.0' ],
21 silly audit   '@babel/code-frame': [ '7.26.2' ],
21 silly audit   '@babel/compat-data': [ '7.26.2' ],
21 silly audit   '@babel/core': [ '7.26.0' ],
21 silly audit   '@babel/generator': [ '7.26.9' ],
21 silly audit   '@babel/helper-compilation-targets': [ '7.25.9' ],
21 silly audit   '@babel/helper-module-imports': [ '7.25.9' ],
21 silly audit   '@babel/helper-module-transforms': [ '7.26.0' ],
21 silly audit   '@babel/helper-plugin-utils': [ '7.25.9' ],
21 silly audit   '@babel/helper-string-parser': [ '7.25.9' ],
21 silly audit   '@babel/helper-validator-identifier': [ '7.25.9' ],
21 silly audit   '@babel/helper-validator-option': [ '7.25.9' ],
21 silly audit   '@babel/helpers': [ '7.26.0' ],
21 silly audit   '@babel/parser': [ '7.26.9' ],
21 silly audit   '@babel/plugin-transform-react-jsx-self': [ '7.25.9' ],
21 silly audit   '@babel/plugin-transform-react-jsx-source': [ '7.25.9' ],
21 silly audit   '@babel/runtime': [ '7.26.0' ],
21 silly audit   '@babel/template': [ '7.26.9' ],
21 silly audit   '@babel/traverse': [ '7.26.9' ],
21 silly audit   '@babel/types': [ '7.26.9' ],
21 silly audit   '@drizzle-team/brocli': [ '0.10.2' ],
21 silly audit   '@esbuild-kit/core-utils': [ '3.3.2' ],
21 silly audit   '@esbuild/android-arm': [ '0.18.20', '0.25.0', '0.19.12', '0.23.1', '0.21.5' ],
21 silly audit   '@esbuild/android-arm64': [ '0.18.20', '0.25.0', '0.19.12', '0.23.1', '0.21.5' ],
21 silly audit   '@esbuild/android-x64': [ '0.18.20', '0.25.0', '0.19.12', '0.23.1', '0.21.5' ],
21 silly audit   '@esbuild/darwin-arm64': [ '0.18.20', '0.25.0', '0.19.12', '0.23.1', '0.21.5' ],
21 silly audit   '@esbuild/darwin-x64': [ '0.18.20', '0.25.0', '0.19.12', '0.23.1', '0.21.5' ],
21 silly audit   '@esbuild/freebsd-arm64': [ '0.18.20', '0.25.0', '0.19.12', '0.23.1', '0.21.5' ],
21 silly audit   '@esbuild/freebsd-x64': [ '0.18.20', '0.25.0', '0.19.12', '0.23.1', '0.21.5' ],
21 silly audit   '@esbuild/linux-arm': [ '0.18.20', '0.25.0', '0.19.12', '0.23.1', '0.21.5' ],
21 silly audit   '@esbuild/linux-arm64': [ '0.18.20', '0.25.0', '0.19.12', '0.23.1', '0.21.5' ],
21 silly audit   '@esbuild/linux-ia32': [ '0.18.20', '0.25.0', '0.19.12', '0.23.1', '0.21.5' ],
21 silly audit   '@esbuild/linux-loong64': [ '0.18.20', '0.25.0', '0.19.12', '0.23.1', '0.21.5' ],
21 silly audit   '@esbuild/linux-mips64el': [ '0.18.20', '0.25.0', '0.19.12', '0.23.1', '0.21.5' ],
21 silly audit   '@esbuild/linux-ppc64': [ '0.18.20', '0.25.0', '0.19.12', '0.23.1', '0.21.5' ],
21 silly audit   '@esbuild/linux-riscv64': [ '0.18.20', '0.25.0', '0.19.12', '0.23.1', '0.21.5' ],
21 silly audit   '@esbuild/linux-s390x': [ '0.18.20', '0.25.0', '0.19.12', '0.23.1', '0.21.5' ],
21 silly audit   '@esbuild/linux-x64': [ '0.18.20', '0.25.0', '0.19.12', '0.23.1', '0.21.5' ],
21 silly audit   '@esbuild/netbsd-x64': [ '0.18.20', '0.25.0', '0.19.12', '0.23.1', '0.21.5' ],
21 silly audit   '@esbuild/openbsd-x64': [ '0.18.20', '0.25.0', '0.19.12', '0.23.1', '0.21.5' ],
21 silly audit   '@esbuild/sunos-x64': [ '0.18.20', '0.25.0', '0.19.12', '0.23.1', '0.21.5' ],
21 silly audit   '@esbuild/win32-arm64': [ '0.18.20', '0.25.0', '0.19.12', '0.23.1', '0.21.5' ],
21 silly audit   '@esbuild/win32-ia32': [ '0.18.20', '0.25.0', '0.19.12', '0.23.1', '0.21.5' ],
21 silly audit   '@esbuild/win32-x64': [ '0.18.20', '0.25.0', '0.19.12', '0.23.1', '0.21.5' ],
21 silly audit   esbuild: [ '0.18.20', '0.19.12', '0.25.0', '0.23.1', '0.21.5' ],
21 silly audit   '@esbuild-kit/esm-loader': [ '2.6.5' ],
21 silly audit   '@esbuild/aix-ppc64': [ '0.25.0', '0.19.12', '0.23.1', '0.21.5' ],
21 silly audit   '@esbuild/netbsd-arm64': [ '0.25.0' ],
21 silly audit   '@esbuild/openbsd-arm64': [ '0.25.0', '0.23.1' ],
21 silly audit   '@floating-ui/core': [ '1.6.8' ],
21 silly audit   '@floating-ui/dom': [ '1.6.12' ],
21 silly audit   '@floating-ui/react-dom': [ '2.1.2' ],
21 silly audit   '@floating-ui/utils': [ '0.2.8' ],
21 silly audit   '@hookform/resolvers': [ '3.9.1' ],
21 silly audit   '@isaacs/cliui': [ '8.0.2' ],
21 silly audit   '@jridgewell/gen-mapping': [ '0.3.5' ],
21 silly audit   '@jridgewell/resolve-uri': [ '3.1.2' ],
21 silly audit   '@jridgewell/set-array': [ '1.2.1' ],
21 silly audit   '@jridgewell/sourcemap-codec': [ '1.5.0' ],
21 silly audit   '@jridgewell/trace-mapping': [ '0.3.25' ],
21 silly audit   '@neondatabase/serverless': [ '0.10.4' ],
21 silly audit   '@nodelib/fs.scandir': [ '2.1.5' ],
21 silly audit   '@nodelib/fs.stat': [ '2.0.5' ],
21 silly audit   '@nodelib/fs.walk': [ '1.2.8' ],
21 silly audit   '@pkgjs/parseargs': [ '0.11.0' ],
21 silly audit   '@radix-ui/number': [ '1.1.0' ],
21 silly audit   '@radix-ui/primitive': [ '1.1.0' ],
21 silly audit   '@radix-ui/react-accordion': [ '1.2.1' ],
21 silly audit   '@radix-ui/react-alert-dialog': [ '1.1.2' ],
21 silly audit   '@radix-ui/react-arrow': [ '1.1.0' ],
21 silly audit   '@radix-ui/react-aspect-ratio': [ '1.1.0' ],
21 silly audit   '@radix-ui/react-avatar': [ '1.1.1' ],
21 silly audit   '@radix-ui/react-checkbox': [ '1.1.2' ],
21 silly audit   '@radix-ui/react-collapsible': [ '1.1.1' ],
21 silly audit   '@radix-ui/react-collection': [ '1.1.0' ],
21 silly audit   '@radix-ui/react-context': [ '1.1.0', '1.1.1' ],
21 silly audit   '@radix-ui/react-compose-refs': [ '1.1.0' ],
21 silly audit   '@radix-ui/react-context-menu': [ '2.2.2' ],
21 silly audit   '@radix-ui/react-dialog': [ '1.1.2' ],
21 silly audit   '@radix-ui/react-direction': [ '1.1.0' ],
21 silly audit   '@radix-ui/react-dismissable-layer': [ '1.1.1' ],
21 silly audit   '@radix-ui/react-dropdown-menu': [ '2.1.2' ],
21 silly audit   '@radix-ui/react-focus-guards': [ '1.1.1' ],
21 silly audit   '@radix-ui/react-focus-scope': [ '1.1.0' ],
21 silly audit   '@radix-ui/react-hover-card': [ '1.1.2' ],
21 silly audit   '@radix-ui/react-id': [ '1.1.0' ],
21 silly audit   '@radix-ui/react-label': [ '2.1.0' ],
21 silly audit   '@radix-ui/react-menu': [ '2.1.2' ],
21 silly audit   '@radix-ui/react-menubar': [ '1.1.2' ],
21 silly audit   '@radix-ui/react-navigation-menu': [ '1.2.1' ],
21 silly audit   '@radix-ui/react-popover': [ '1.1.2' ],
21 silly audit   '@radix-ui/react-popper': [ '1.2.0' ],
21 silly audit   '@radix-ui/react-portal': [ '1.1.2' ],
21 silly audit   '@radix-ui/react-presence': [ '1.1.1' ],
21 silly audit   '@radix-ui/react-primitive': [ '2.0.0' ],
21 silly audit   '@radix-ui/react-progress': [ '1.1.0' ],
21 silly audit   '@radix-ui/react-radio-group': [ '1.2.1' ],
21 silly audit   '@radix-ui/react-roving-focus': [ '1.1.0' ],
21 silly audit   '@radix-ui/react-scroll-area': [ '1.2.0' ],
21 silly audit   '@radix-ui/react-select': [ '2.1.2' ],
21 silly audit   '@radix-ui/react-separator': [ '1.1.0' ],
21 silly audit   '@radix-ui/react-slider': [ '1.2.1' ],
21 silly audit   '@radix-ui/react-slot': [ '1.1.0' ],
21 silly audit   '@radix-ui/react-switch': [ '1.1.1' ],
21 silly audit   '@radix-ui/react-tabs': [ '1.1.1' ],
21 silly audit   '@radix-ui/react-toast': [ '1.2.2' ],
21 silly audit   '@radix-ui/react-toggle': [ '1.1.0' ],
21 silly audit   '@radix-ui/react-toggle-group': [ '1.1.0' ],
21 silly audit   '@radix-ui/react-tooltip': [ '1.1.3' ],
21 silly audit   '@radix-ui/react-use-callback-ref': [ '1.1.0' ],
21 silly audit   '@radix-ui/react-use-controllable-state': [ '1.1.0' ],
21 silly audit   '@radix-ui/react-use-escape-keydown': [ '1.1.0' ],
21 silly audit   '@radix-ui/react-use-layout-effect': [ '1.1.0' ],
21 silly audit   '@radix-ui/react-use-previous': [ '1.1.0' ],
21 silly audit   '@radix-ui/react-use-rect': [ '1.1.0' ],
21 silly audit   '@radix-ui/react-use-size': [ '1.1.0' ],
21 silly audit   '@radix-ui/react-visually-hidden': [ '1.1.0' ],
21 silly audit   '@radix-ui/rect': [ '1.1.0' ],
21 silly audit   '@replit/vite-plugin-cartographer': [ '0.0.11' ],
21 silly audit   '@replit/vite-plugin-runtime-error-modal': [ '0.0.3' ],
21 silly audit   '@replit/vite-plugin-shadcn-theme-json': [ '0.0.4' ],
21 silly audit   '@rollup/rollup-android-arm-eabi': [ '4.24.4' ],
21 silly audit   '@rollup/rollup-android-arm64': [ '4.24.4' ],
21 silly audit   '@rollup/rollup-darwin-arm64': [ '4.24.4' ],
21 silly audit   '@rollup/rollup-darwin-x64': [ '4.24.4' ],
21 silly audit   '@rollup/rollup-freebsd-arm64': [ '4.24.4' ],
21 silly audit   '@rollup/rollup-freebsd-x64': [ '4.24.4' ],
21 silly audit   '@rollup/rollup-linux-arm-gnueabihf': [ '4.24.4' ],
21 silly audit   '@rollup/rollup-linux-arm-musleabihf': [ '4.24.4' ],
21 silly audit   '@rollup/rollup-linux-arm64-gnu': [ '4.24.4' ],
21 silly audit   '@rollup/rollup-linux-arm64-musl': [ '4.24.4' ],
21 silly audit   '@rollup/rollup-linux-powerpc64le-gnu': [ '4.24.4' ],
21 silly audit   '@rollup/rollup-linux-riscv64-gnu': [ '4.24.4' ],
21 silly audit   '@rollup/rollup-linux-s390x-gnu': [ '4.24.4' ],
21 silly audit   '@rollup/rollup-linux-x64-gnu': [ '4.24.4' ],
21 silly audit   '@rollup/rollup-linux-x64-musl': [ '4.24.4' ],
21 silly audit   '@rollup/rollup-win32-arm64-msvc': [ '4.24.4' ],
21 silly audit   '@rollup/rollup-win32-ia32-msvc': [ '4.24.4' ],
21 silly audit   '@rollup/rollup-win32-x64-msvc': [ '4.24.4' ],
21 silly audit   '@sinclair/typebox': [ '0.33.20' ],
21 silly audit   '@stripe/react-stripe-js': [ '3.6.0' ],
21 silly audit   '@stripe/stripe-js': [ '7.1.0' ],
21 silly audit   '@tailwindcss/typography': [ '0.5.15' ],
21 silly audit   'postcss-selector-parser': [ '6.0.10', '6.1.2' ],
21 silly audit   '@tanstack/query-core': [ '5.60.5' ],
21 silly audit   '@tanstack/react-query': [ '5.60.5' ],
21 silly audit   '@types/babel__core': [ '7.20.5' ],
21 silly audit   '@types/babel__generator': [ '7.6.8' ],
21 silly audit   '@types/babel__template': [ '7.4.4' ],
21 silly audit   '@types/babel__traverse': [ '7.20.6' ],
21 silly audit   '@types/body-parser': [ '1.19.5' ],
21 silly audit   '@types/connect': [ '3.4.38' ],
21 silly audit   '@types/connect-pg-simple': [ '7.0.3' ],
21 silly audit   '@types/d3-array': [ '3.2.1' ],
21 silly audit   '@types/d3-color': [ '3.1.3' ],
21 silly audit   '@types/d3-ease': [ '3.0.2' ],
21 silly audit   '@types/d3-interpolate': [ '3.0.4' ],
21 silly audit   '@types/d3-path': [ '3.1.0' ],
21 silly audit   '@types/d3-scale': [ '4.0.8' ],
21 silly audit   '@types/d3-shape': [ '3.1.6' ],
21 silly audit   '@types/d3-time': [ '3.0.3' ],
21 silly audit   '@types/d3-timer': [ '3.0.2' ],
21 silly audit   '@types/estree': [ '1.0.6' ],
21 silly audit   '@types/express': [ '4.17.21' ],
21 silly audit   '@types/express-serve-static-core': [ '4.19.6' ],
21 silly audit   '@types/express-session': [ '1.18.0' ],
21 silly audit   '@types/http-errors': [ '2.0.4' ],
21 silly audit   '@types/mime': [ '1.3.5' ],
21 silly audit   '@types/node': [ '20.16.11' ],
21 silly audit   '@types/passport': [ '1.0.17' ],
21 silly audit   '@types/passport-local': [ '1.0.38' ],
21 silly audit   '@types/passport-strategy': [ '0.2.38' ],
21 silly audit   '@types/pg': [ '8.11.6' ],
21 silly audit   '@types/prop-types': [ '15.7.13' ],
21 silly audit   '@types/qs': [ '6.9.16' ],
21 silly audit   '@types/range-parser': [ '1.2.7' ],
21 silly audit   '@types/react': [ '18.3.12' ],
21 silly audit   '@types/react-dom': [ '18.3.1' ],
21 silly audit   '@types/send': [ '0.17.4' ],
21 silly audit   '@types/serve-static': [ '1.15.7' ],
21 silly audit   '@types/ws': [ '8.5.13' ],
21 silly audit   '@vitejs/plugin-react': [ '4.3.3' ],
21 silly audit   accepts: [ '1.3.8' ],
21 silly audit   'ansi-regex': [ '6.1.0', '5.0.1' ],
21 silly audit   'ansi-styles': [ '6.2.1', '4.3.0' ],
21 silly audit   'any-promise': [ '1.3.0' ],
21 silly audit   anymatch: [ '3.1.3' ],
21 silly audit   arg: [ '5.0.2' ],
21 silly audit   'aria-hidden': [ '1.2.4' ],
21 silly audit   'array-flatten': [ '1.1.1' ],
21 silly audit   'array-union': [ '2.1.0' ],
21 silly audit   async: [ '3.2.6' ],
21 silly audit   autoprefixer: [ '10.4.20' ],
21 silly audit   'balanced-match': [ '1.0.2' ],
21 silly audit   'binary-extensions': [ '2.3.0' ],
21 silly audit   'body-parser': [ '1.20.3' ],
21 silly audit   debug: [ '2.6.9', '4.3.7' ],
21 silly audit   ms: [ '2.0.0', '2.1.3' ],
21 silly audit   'brace-expansion': [ '2.0.1' ],
21 silly audit   braces: [ '3.0.3' ],
21 silly audit   browserslist: [ '4.24.2' ],
21 silly audit   'buffer-from': [ '1.1.2' ],
21 silly audit   bufferutil: [ '4.0.8' ],
21 silly audit   bytes: [ '3.1.2' ],
21 silly audit   'call-bind': [ '1.0.7' ],
21 silly audit   'camelcase-css': [ '2.0.1' ],
21 silly audit   'caniuse-lite': [ '1.0.30001677' ],
21 silly audit   chokidar: [ '3.6.0' ],
21 silly audit   'glob-parent': [ '5.1.2', '6.0.2' ],
21 silly audit   'class-variance-authority': [ '0.7.0' ],
21 silly audit   clsx: [ '2.0.0', '2.1.1' ],
21 silly audit   cmdk: [ '1.0.4' ],
21 silly audit   'color-convert': [ '2.0.1' ],
21 silly audit   'color-name': [ '1.1.4' ],
21 silly audit   'colorjs.io': [ '0.5.2' ],
21 silly audit   commander: [ '4.1.1', '13.1.0' ],
21 silly audit   commondir: [ '1.0.1' ],
21 silly audit   'connect-pg-simple': [ '10.0.0' ],
21 silly audit   'content-disposition': [ '0.5.4' ],
21 silly audit   'content-type': [ '1.0.5' ],
21 silly audit   'convert-source-map': [ '2.0.0' ],
21 silly audit   cookie: [ '0.7.1', '0.7.2' ],
21 silly audit   'cookie-signature': [ '1.0.6', '1.0.7' ],
21 silly audit   'cross-spawn': [ '7.0.6' ],
21 silly audit   cssesc: [ '3.0.0' ],
21 silly audit   csstype: [ '3.1.3' ],
21 silly audit   'd3-array': [ '3.2.4' ],
21 silly audit   'd3-color': [ '3.1.0' ],
21 silly audit   'd3-ease': [ '3.0.1' ],
21 silly audit   'd3-format': [ '3.1.0' ],
21 silly audit   'd3-interpolate': [ '3.0.1' ],
21 silly audit   'd3-path': [ '3.1.0' ],
21 silly audit   'd3-scale': [ '4.0.2' ],
21 silly audit   'd3-shape': [ '3.2.0' ],
21 silly audit   'd3-time': [ '3.1.0' ],
21 silly audit   'd3-time-format': [ '4.1.0' ],
21 silly audit   'd3-timer': [ '3.0.1' ],
21 silly audit   'date-fns': [ '3.6.0' ],
21 silly audit   'decimal.js-light': [ '2.5.1' ],
21 silly audit   dedent: [ '1.5.3' ],
21 silly audit   'define-data-property': [ '1.1.4' ],
21 silly audit   depd: [ '2.0.0' ],
21 silly audit   destroy: [ '1.2.0' ],
21 silly audit   'detect-node-es': [ '1.1.0' ],
21 silly audit   didyoumean: [ '1.2.2' ],
21 silly audit   'dir-glob': [ '3.0.1' ],
21 silly audit   dlv: [ '1.1.3' ],
21 silly audit   'dom-helpers': [ '5.2.1' ],
21 silly audit   'drizzle-kit': [ '0.30.4' ],
21 silly audit   'drizzle-orm': [ '0.39.1' ],
21 silly audit   'drizzle-zod': [ '0.7.0' ],
21 silly audit   eastasianwidth: [ '0.2.0' ],
21 silly audit   'ee-first': [ '1.1.1' ],
21 silly audit   'electron-to-chromium': [ '1.5.51' ],
21 silly audit   'email-addresses': [ '5.0.0' ],
21 silly audit   'embla-carousel': [ '8.3.1' ],
21 silly audit   'embla-carousel-react': [ '8.3.1' ],
21 silly audit   'embla-carousel-reactive-utils': [ '8.3.1' ],
21 silly audit   'emoji-regex': [ '9.2.2', '8.0.0' ],
21 silly audit   encodeurl: [ '2.0.0', '1.0.2' ],
21 silly audit   'es-define-property': [ '1.0.0' ],
21 silly audit   'es-errors': [ '1.3.0' ],
21 silly audit   'esbuild-register': [ '3.6.0' ],
21 silly audit   escalade: [ '3.2.0' ],
21 silly audit   'escape-html': [ '1.0.3' ],
21 silly audit   'escape-string-regexp': [ '1.0.5' ],
21 silly audit   etag: [ '1.8.1' ],
21 silly audit   eventemitter3: [ '4.0.7' ],
21 silly audit   express: [ '4.21.2' ],
21 silly audit   'express-session': [ '1.18.1' ],
21 silly audit   'fast-equals': [ '5.0.1' ],
21 silly audit   'fast-glob': [ '3.3.2' ],
21 silly audit   fastq: [ '1.17.1' ],
21 silly audit   'filename-reserved-regex': [ '2.0.0' ],
21 silly audit   filenamify: [ '4.3.0' ],
21 silly audit   'fill-range': [ '7.1.1' ],
21 silly audit   finalhandler: [ '1.3.1' ],
21 silly audit   'find-cache-dir': [ '3.3.2' ],
21 silly audit   'find-up': [ '4.1.0' ],
21 silly audit   'foreground-child': [ '3.3.0' ],
21 silly audit   forwarded: [ '0.2.0' ],
21 silly audit   'fraction.js': [ '4.3.7' ],
21 silly audit   'framer-motion': [ '11.13.1' ],
21 silly audit   fresh: [ '0.5.2' ],
21 silly audit   'fs-extra': [ '11.3.0' ],
21 silly audit   fsevents: [ '2.3.3' ],
21 silly audit   'function-bind': [ '1.1.2' ],
21 silly audit   gensync: [ '1.0.0-beta.2' ],
21 silly audit   'get-intrinsic': [ '1.2.4' ],
21 silly audit   'get-nonce': [ '1.0.1' ],
21 silly audit   'get-tsconfig': [ '4.8.1' ],
21 silly audit   glob: [ '10.4.5' ],
21 silly audit   globals: [ '11.12.0' ],
21 silly audit   globby: [ '11.1.0' ],
21 silly audit   gopd: [ '1.0.1' ],
21 silly audit   'graceful-fs': [ '4.2.11' ],
21 silly audit   'has-property-descriptors': [ '1.0.2' ],
21 silly audit   'has-proto': [ '1.0.3' ],
21 silly audit   'has-symbols': [ '1.0.3' ],
21 silly audit   hasown: [ '2.0.2' ],
21 silly audit   'http-errors': [ '2.0.0' ],
21 silly audit   'iconv-lite': [ '0.4.24' ],
21 silly audit   ignore: [ '5.3.2' ],
21 silly audit   inherits: [ '2.0.4' ],
21 silly audit   'input-otp': [ '1.4.1' ],
21 silly audit   internmap: [ '2.0.3' ],
21 silly audit   invariant: [ '2.2.4' ],
21 silly audit   'ipaddr.js': [ '1.9.1' ],
21 silly audit   'is-binary-path': [ '2.1.0' ],
21 silly audit   'is-core-module': [ '2.15.1' ],
21 silly audit   'is-extglob': [ '2.1.1' ],
21 silly audit   'is-fullwidth-code-point': [ '3.0.0' ],
21 silly audit   'is-glob': [ '4.0.3' ],
21 silly audit   'is-number': [ '7.0.0' ],
21 silly audit   isexe: [ '2.0.0' ],
21 silly audit   jackspeak: [ '3.4.3' ],
21 silly audit   jiti: [ '1.21.6' ],
21 silly audit   'js-tokens': [ '4.0.0' ],
21 silly audit   jsesc: [ '3.0.2' ],
21 silly audit   json5: [ '2.2.3' ],
21 silly audit   jsonfile: [ '6.1.0' ],
21 silly audit   lilconfig: [ '2.1.0', '3.1.2' ],
21 silly audit   'lines-and-columns': [ '1.2.4' ],
21 silly audit   'locate-path': [ '5.0.0' ],
21 silly audit   lodash: [ '4.17.21' ],
21 silly audit   'lodash.castarray': [ '4.4.0' ],
21 silly audit   'lodash.isplainobject': [ '4.0.6' ],
21 silly audit   'lodash.merge': [ '4.6.2' ],
21 silly audit   'loose-envify': [ '1.4.0' ],
21 silly audit   'lru-cache': [ '5.1.1', '4.1.5', '10.4.3' ],
21 silly audit   'lucide-react': [ '0.453.0' ],
21 silly audit   'magic-string': [ '0.30.17' ],
21 silly audit   'make-dir': [ '3.1.0' ],
21 silly audit   'media-typer': [ '0.3.0' ],
21 silly audit   memorystore: [ '1.6.7' ],
21 silly audit   yallist: [ '2.1.2', '3.1.1' ],
21 silly audit   'merge-descriptors': [ '1.0.3' ],
21 silly audit   merge2: [ '1.4.1' ],
21 silly audit   methods: [ '1.1.2' ],
21 silly audit   micromatch: [ '4.0.8' ],
21 silly audit   mime: [ '1.6.0' ],
21 silly audit   'mime-db': [ '1.52.0' ],
21 silly audit   'mime-types': [ '2.1.35' ],
21 silly audit   minimatch: [ '9.0.5' ],
21 silly audit   minipass: [ '7.1.2' ],
21 silly audit   mitt: [ '3.0.1' ],
21 silly audit   'modern-screenshot': [ '4.6.0' ],
21 silly audit   'motion-dom': [ '11.13.0' ],
21 silly audit   'motion-utils': [ '11.13.0' ],
21 silly audit   mz: [ '2.7.0' ],
21 silly audit   nanoid: [ '3.3.8' ],
21 silly audit   negotiator: [ '0.6.3' ],
21 silly audit   'node-gyp-build': [ '4.8.3' ],
21 silly audit   'node-releases': [ '2.0.18' ],
21 silly audit   'normalize-path': [ '3.0.0' ],
21 silly audit   'normalize-range': [ '0.1.2' ],
21 silly audit   'object-assign': [ '4.1.1' ],
21 silly audit   'object-hash': [ '3.0.0' ],
21 silly audit   'object-inspect': [ '1.13.2' ],
21 silly audit   obuf: [ '1.1.2' ],
21 silly audit   'on-finished': [ '2.4.1' ],
21 silly audit   'on-headers': [ '1.0.2' ],
21 silly audit   'p-limit': [ '2.3.0' ],
21 silly audit   'p-locate': [ '4.1.0' ],
21 silly audit   'p-try': [ '2.2.0' ],
21 silly audit   'package-json-from-dist': [ '1.0.1' ],
21 silly audit   parseurl: [ '1.3.3' ],
21 silly audit   passport: [ '0.7.0' ],
21 silly audit   'passport-local': [ '1.0.0' ],
21 silly audit   'passport-strategy': [ '1.0.0' ],
21 silly audit   'path-exists': [ '4.0.0' ],
21 silly audit   'path-key': [ '3.1.1' ],
21 silly audit   'path-parse': [ '1.0.7' ],
21 silly audit   'path-scurry': [ '1.11.1' ],
21 silly audit   'path-to-regexp': [ '0.1.12' ],
21 silly audit   'path-type': [ '4.0.0' ],
21 silly audit   pause: [ '0.0.1' ],
21 silly audit   pg: [ '8.13.1' ],
21 silly audit   'pg-cloudflare': [ '1.1.1' ],
21 silly audit   'pg-connection-string': [ '2.7.0' ],
21 silly audit   'pg-int8': [ '1.0.1' ],
21 silly audit   'pg-numeric': [ '1.0.2' ],
21 silly audit   'pg-pool': [ '3.7.0' ],
21 silly audit   'pg-protocol': [ '1.7.0' ],
21 silly audit   'pg-types': [ '4.0.2', '2.2.0' ],
21 silly audit   'postgres-array': [ '2.0.0', '3.0.2' ],
21 silly audit   'postgres-bytea': [ '1.0.0', '3.0.0' ],
21 silly audit   'postgres-date': [ '1.0.7', '2.1.0' ],
21 silly audit   'postgres-interval': [ '1.2.0', '3.0.0' ],
21 silly audit   pgpass: [ '1.0.5' ],
21 silly audit   picocolors: [ '1.1.1' ],
21 silly audit   picomatch: [ '2.3.1' ],
21 silly audit   pify: [ '2.3.0' ],
21 silly audit   pirates: [ '4.0.6' ],
21 silly audit   'pkg-dir': [ '4.2.0' ],
21 silly audit   postcss: [ '8.4.47' ],
21 silly audit   'postcss-import': [ '15.1.0' ],
21 silly audit   'postcss-js': [ '4.0.1' ],
21 silly audit   'postcss-load-config': [ '4.0.2' ],
21 silly audit   'postcss-nested': [ '6.2.0' ],
21 silly audit   'postcss-value-parser': [ '4.2.0' ],
21 silly audit   'postgres-range': [ '1.1.4' ],
21 silly audit   'prop-types': [ '15.8.1' ],
21 silly audit   'react-is': [ '16.13.1', '18.3.1' ],
21 silly audit   'proxy-addr': [ '2.0.7' ],
21 silly audit   pseudomap: [ '1.0.2' ],
21 silly audit   qs: [ '6.13.0' ],
21 silly audit   'queue-microtask': [ '1.2.3' ],
21 silly audit   'random-bytes': [ '1.0.0' ],
21 silly audit   'range-parser': [ '1.2.1' ],
21 silly audit   'raw-body': [ '2.5.2' ],
21 silly audit   react: [ '18.3.1' ],
21 silly audit   'react-day-picker': [ '8.10.1' ],
21 silly audit   'react-dom': [ '18.3.1' ],
21 silly audit   'react-fast-compare': [ '3.2.2' ],
21 silly audit   'react-helmet': [ '6.1.0' ],
21 silly audit   'react-hook-form': [ '7.53.1' ],
21 silly audit   'react-icons': [ '5.4.0' ],
21 silly audit   'react-refresh': [ '0.14.2' ],
21 silly audit   'react-remove-scroll': [ '2.6.0' ],
21 silly audit   'react-remove-scroll-bar': [ '2.3.6' ],
21 silly audit   'react-resizable-panels': [ '2.1.6' ],
21 silly audit   'react-side-effect': [ '2.1.2' ],
21 silly audit   'react-smooth': [ '4.0.1' ],
21 silly audit   'react-style-singleton': [ '2.2.1' ],
21 silly audit   'react-transition-group': [ '4.4.5' ],
21 silly audit   'read-cache': [ '1.0.0' ],
21 silly audit   readdirp: [ '3.6.0' ],
21 silly audit   recharts: [ '2.13.3' ],
21 silly audit   'recharts-scale': [ '0.4.5' ],
21 silly audit   'regenerator-runtime': [ '0.14.1' ],
21 silly audit   regexparam: [ '3.0.0' ],
21 silly audit   resolve: [ '1.22.8' ],
21 silly audit   'resolve-pkg-maps': [ '1.0.0' ],
21 silly audit   reusify: [ '1.0.4' ],
21 silly audit   rollup: [ '4.24.4' ],
21 silly audit   'run-parallel': [ '1.2.0' ],
21 silly audit   'safe-buffer': [ '5.2.1' ],
21 silly audit   'safer-buffer': [ '2.1.2' ],
21 silly audit   scheduler: [ '0.23.2' ],
21 silly audit   semver: [ '6.3.1' ],
21 silly audit   send: [ '0.19.0' ],
21 silly audit   'serve-static': [ '1.16.2' ],
21 silly audit   'set-function-length': [ '1.2.2' ],
21 silly audit   setprototypeof: [ '1.2.0' ],
21 silly audit   'shebang-command': [ '2.0.0' ],
21 silly audit   'shebang-regex': [ '3.0.0' ],
21 silly audit   'side-channel': [ '1.0.6' ],
21 silly audit   'signal-exit': [ '4.1.0' ],
21 silly audit   slash: [ '3.0.0' ],
21 silly audit   'source-map': [ '0.6.1' ],
21 silly audit   'source-map-js': [ '1.2.1' ],
21 silly audit   'source-map-support': [ '0.5.21' ],
21 silly audit   split2: [ '4.2.0' ],
21 silly audit   statuses: [ '2.0.1' ],
21 silly audit   'string-width': [ '5.1.2', '4.2.3' ],
21 silly audit   'strip-ansi': [ '6.0.1', '7.1.0' ],
21 silly audit   'strip-outer': [ '1.0.1' ],
21 silly audit   stripe: [ '18.0.0' ],
21 silly audit   sucrase: [ '3.35.0' ],
21 silly audit   'supports-preserve-symlinks-flag': [ '1.0.0' ],
21 silly audit   'tailwind-merge': [ '2.5.4' ],
21 silly audit   tailwindcss: [ '3.4.14' ],
21 silly audit   'tailwindcss-animate': [ '1.0.7' ],
21 silly audit   thenify: [ '3.3.1' ],
21 silly audit   'thenify-all': [ '1.6.0' ],
21 silly audit   'tiny-invariant': [ '1.3.3' ],
21 silly audit   'to-regex-range': [ '5.0.1' ],
21 silly audit   toidentifier: [ '1.0.1' ],
21 silly audit   'trim-repeated': [ '1.0.0' ],
21 silly audit   'ts-interface-checker': [ '0.1.13' ],
21 silly audit   tslib: [ '2.8.1' ],
21 silly audit   tsx: [ '4.19.2' ],
21 silly audit   'type-is': [ '1.6.18' ],
21 silly audit   typescript: [ '5.6.3' ],
21 silly audit   'uid-safe': [ '2.1.5' ],
21 silly audit   'undici-types': [ '6.19.8' ],
21 silly audit   universalify: [ '2.0.1' ],
21 silly audit   unpipe: [ '1.0.0' ],
21 silly audit   'update-browserslist-db': [ '1.1.1' ],
21 silly audit   'use-callback-ref': [ '1.3.2' ],
21 silly audit   'use-sidecar': [ '1.1.2' ],
21 silly audit   'use-sync-external-store': [ '1.2.2' ],
21 silly audit   'util-deprecate': [ '1.0.2' ],
21 silly audit   'utils-merge': [ '1.0.1' ],
21 silly audit   vary: [ '1.1.2' ],
21 silly audit   vaul: [ '1.1.1' ],
21 silly audit   'victory-vendor': [ '36.9.2' ],
21 silly audit   vite: [ '5.4.14' ],
21 silly audit   which: [ '2.0.2' ],
21 silly audit   wouter: [ '3.3.5' ],
21 silly audit   'wrap-ansi': [ '8.1.0', '7.0.0' ],
21 silly audit   ws: [ '8.18.0' ],
21 silly audit   xtend: [ '4.0.2' ],
21 silly audit   yaml: [ '2.6.0' ],
21 silly audit   zod: [ '3.23.8' ],
21 silly audit   'zod-validation-error': [ '3.4.0' ],
21 silly audit   'gh-pages': [ '6.3.0' ]
21 silly audit }
22 verbose reify failed optional dependency /data/data/com.termux/files/home/primeiravendaonline/node_modules/fsevents
23 silly reify mark deleted [
23 silly reify   '/data/data/com.termux/files/home/primeiravendaonline/node_modules/fsevents'
23 silly reify ]
24 verbose reify failed optional dependency /data/data/com.termux/files/home/primeiravendaonline/node_modules/@rollup/rollup-win32-x64-msvc
25 silly reify mark deleted [
25 silly reify   '/data/data/com.termux/files/home/primeiravendaonline/node_modules/@rollup/rollup-win32-x64-msvc'
25 silly reify ]
26 verbose reify failed optional dependency /data/data/com.termux/files/home/primeiravendaonline/node_modules/@rollup/rollup-win32-ia32-msvc
27 silly reify mark deleted [
27 silly reify   '/data/data/com.termux/files/home/primeiravendaonline/node_modules/@rollup/rollup-win32-ia32-msvc'
27 silly reify ]
28 verbose reify failed optional dependency /data/data/com.termux/files/home/primeiravendaonline/node_modules/@rollup/rollup-win32-arm64-msvc
29 silly reify mark deleted [
29 silly reify   '/data/data/com.termux/files/home/primeiravendaonline/node_modules/@rollup/rollup-win32-arm64-msvc'
29 silly reify ]
30 verbose reify failed optional dependency /data/data/com.termux/files/home/primeiravendaonline/node_modules/@rollup/rollup-linux-x64-musl
31 silly reify mark deleted [
31 silly reify   '/data/data/com.termux/files/home/primeiravendaonline/node_modules/@rollup/rollup-linux-x64-musl'
31 silly reify ]
32 verbose reify failed optional dependency /data/data/com.termux/files/home/primeiravendaonline/node_modules/@rollup/rollup-linux-x64-gnu
33 silly reify mark deleted [
33 silly reify   '/data/data/com.termux/files/home/primeiravendaonline/node_modules/@rollup/rollup-linux-x64-gnu'
33 silly reify ]
34 verbose reify failed optional dependency /data/data/com.termux/files/home/primeiravendaonline/node_modules/@rollup/rollup-linux-s390x-gnu
35 silly reify mark deleted [
35 silly reify   '/data/data/com.termux/files/home/primeiravendaonline/node_modules/@rollup/rollup-linux-s390x-gnu'
35 silly reify ]
36 verbose reify failed optional dependency /data/data/com.termux/files/home/primeiravendaonline/node_modules/@rollup/rollup-linux-riscv64-gnu
37 silly reify mark deleted [
37 silly reify   '/data/data/com.termux/files/home/primeiravendaonline/node_modules/@rollup/rollup-linux-riscv64-gnu'
37 silly reify ]
38 verbose reify failed optional dependency /data/data/com.termux/files/home/primeiravendaonline/node_modules/@rollup/rollup-linux-powerpc64le-gnu
39 silly reify mark deleted [
39 silly reify   '/data/data/com.termux/files/home/primeiravendaonline/node_modules/@rollup/rollup-linux-powerpc64le-gnu'
39 silly reify ]
40 verbose reify failed optional dependency /data/data/com.termux/files/home/primeiravendaonline/node_modules/@rollup/rollup-linux-arm64-musl
41 silly reify mark deleted [
41 silly reify   '/data/data/com.termux/files/home/primeiravendaonline/node_modules/@rollup/rollup-linux-arm64-musl'
41 silly reify ]
42 verbose reify failed optional dependency /data/data/com.termux/files/home/primeiravendaonline/node_modules/@rollup/rollup-linux-arm64-gnu
43 silly reify mark deleted [
43 silly reify   '/data/data/com.termux/files/home/primeiravendaonline/node_modules/@rollup/rollup-linux-arm64-gnu'
43 silly reify ]
44 verbose reify failed optional dependency /data/data/com.termux/files/home/primeiravendaonline/node_modules/@rollup/rollup-linux-arm-musleabihf
45 silly reify mark deleted [
45 silly reify   '/data/data/com.termux/files/home/primeiravendaonline/node_modules/@rollup/rollup-linux-arm-musleabihf'
45 silly reify ]
46 verbose reify failed optional dependency /data/data/com.termux/files/home/primeiravendaonline/node_modules/@rollup/rollup-linux-arm-gnueabihf
47 silly reify mark deleted [
47 silly reify   '/data/data/com.termux/files/home/primeiravendaonline/node_modules/@rollup/rollup-linux-arm-gnueabihf'
47 silly reify ]
48 verbose reify failed optional dependency /data/data/com.termux/files/home/primeiravendaonline/node_modules/@rollup/rollup-freebsd-x64
49 silly reify mark deleted [
49 silly reify   '/data/data/com.termux/files/home/primeiravendaonline/node_modules/@rollup/rollup-freebsd-x64'
49 silly reify ]
50 verbose reify failed optional dependency /data/data/com.termux/files/home/primeiravendaonline/node_modules/@rollup/rollup-freebsd-arm64
51 silly reify mark deleted [
51 silly reify   '/data/data/com.termux/files/home/primeiravendaonline/node_modules/@rollup/rollup-freebsd-arm64'
51 silly reify ]
52 verbose reify failed optional dependency /data/data/com.termux/files/home/primeiravendaonline/node_modules/@rollup/rollup-darwin-x64
53 silly reify mark deleted [
53 silly reify   '/data/data/com.termux/files/home/primeiravendaonline/node_modules/@rollup/rollup-darwin-x64'
53 silly reify ]
54 verbose reify failed optional dependency /data/data/com.termux/files/home/primeiravendaonline/node_modules/@rollup/rollup-darwin-arm64
55 silly reify mark deleted [
55 silly reify   '/data/data/com.termux/files/home/primeiravendaonline/node_modules/@rollup/rollup-darwin-arm64'
55 silly reify ]
56 verbose reify failed optional dependency /data/data/com.termux/files/home/primeiravendaonline/node_modules/@rollup/rollup-android-arm-eabi
57 silly reify mark deleted [
57 silly reify   '/data/data/com.termux/files/home/primeiravendaonline/node_modules/@rollup/rollup-android-arm-eabi'
57 silly reify ]
58 verbose reify failed optional dependency /data/data/com.termux/files/home/primeiravendaonline/node_modules/@esbuild/win32-x64
59 silly reify mark deleted [
59 silly reify   '/data/data/com.termux/files/home/primeiravendaonline/node_modules/@esbuild/win32-x64'
59 silly reify ]
60 verbose reify failed optional dependency /data/data/com.termux/files/home/primeiravendaonline/node_modules/@esbuild/win32-ia32
61 silly reify mark deleted [
61 silly reify   '/data/data/com.termux/files/home/primeiravendaonline/node_modules/@esbuild/win32-ia32'
61 silly reify ]
62 verbose reify failed optional dependency /data/data/com.termux/files/home/primeiravendaonline/node_modules/@esbuild/win32-arm64
63 silly reify mark deleted [
63 silly reify   '/data/data/com.termux/files/home/primeiravendaonline/node_modules/@esbuild/win32-arm64'
63 silly reify ]
64 verbose reify failed optional dependency /data/data/com.termux/files/home/primeiravendaonline/node_modules/@esbuild/sunos-x64
65 silly reify mark deleted [
65 silly reify   '/data/data/com.termux/files/home/primeiravendaonline/node_modules/@esbuild/sunos-x64'
65 silly reify ]
66 verbose reify failed optional dependency /data/data/com.termux/files/home/primeiravendaonline/node_modules/@esbuild/openbsd-x64
67 silly reify mark deleted [
67 silly reify   '/data/data/com.termux/files/home/primeiravendaonline/node_modules/@esbuild/openbsd-x64'
67 silly reify ]
68 verbose reify failed optional dependency /data/data/com.termux/files/home/primeiravendaonline/node_modules/@esbuild/openbsd-arm64
69 silly reify mark deleted [
69 silly reify   '/data/data/com.termux/files/home/primeiravendaonline/node_modules/@esbuild/openbsd-arm64'
69 silly reify ]
70 verbose reify failed optional dependency /data/data/com.termux/files/home/primeiravendaonline/node_modules/@esbuild/netbsd-x64
71 silly reify mark deleted [
71 silly reify   '/data/data/com.termux/files/home/primeiravendaonline/node_modules/@esbuild/netbsd-x64'
71 silly reify ]
72 verbose reify failed optional dependency /data/data/com.termux/files/home/primeiravendaonline/node_modules/@esbuild/netbsd-arm64
73 silly reify mark deleted [
73 silly reify   '/data/data/com.termux/files/home/primeiravendaonline/node_modules/@esbuild/netbsd-arm64'
73 silly reify ]
74 verbose reify failed optional dependency /data/data/com.termux/files/home/primeiravendaonline/node_modules/@esbuild/linux-x64
75 silly reify mark deleted [
75 silly reify   '/data/data/com.termux/files/home/primeiravendaonline/node_modules/@esbuild/linux-x64'
75 silly reify ]
76 verbose reify failed optional dependency /data/data/com.termux/files/home/primeiravendaonline/node_modules/@esbuild/linux-s390x
77 silly reify mark deleted [
77 silly reify   '/data/data/com.termux/files/home/primeiravendaonline/node_modules/@esbuild/linux-s390x'
77 silly reify ]
78 verbose reify failed optional dependency /data/data/com.termux/files/home/primeiravendaonline/node_modules/@esbuild/linux-riscv64
79 silly reify mark deleted [
79 silly reify   '/data/data/com.termux/files/home/primeiravendaonline/node_modules/@esbuild/linux-riscv64'
79 silly reify ]
80 verbose reify failed optional dependency /data/data/com.termux/files/home/primeiravendaonline/node_modules/@esbuild/linux-ppc64
81 silly reify mark deleted [
81 silly reify   '/data/data/com.termux/files/home/primeiravendaonline/node_modules/@esbuild/linux-ppc64'
81 silly reify ]
82 verbose reify failed optional dependency /data/data/com.termux/files/home/primeiravendaonline/node_modules/@esbuild/linux-mips64el
83 silly reify mark deleted [
83 silly reify   '/data/data/com.termux/files/home/primeiravendaonline/node_modules/@esbuild/linux-mips64el'
83 silly reify ]
84 verbose reify failed optional dependency /data/data/com.termux/files/home/primeiravendaonline/node_modules/@esbuild/linux-loong64
85 silly reify mark deleted [
85 silly reify   '/data/data/com.termux/files/home/primeiravendaonline/node_modules/@esbuild/linux-loong64'
85 silly reify ]
86 verbose reify failed optional dependency /data/data/com.termux/files/home/primeiravendaonline/node_modules/@esbuild/linux-ia32
87 silly reify mark deleted [
87 silly reify   '/data/data/com.termux/files/home/primeiravendaonline/node_modules/@esbuild/linux-ia32'
87 silly reify ]
88 verbose reify failed optional dependency /data/data/com.termux/files/home/primeiravendaonline/node_modules/@esbuild/linux-arm64
89 silly reify mark deleted [
89 silly reify   '/data/data/com.termux/files/home/primeiravendaonline/node_modules/@esbuild/linux-arm64'
89 silly reify ]
90 verbose reify failed optional dependency /data/data/com.termux/files/home/primeiravendaonline/node_modules/@esbuild/linux-arm
91 silly reify mark deleted [
91 silly reify   '/data/data/com.termux/files/home/primeiravendaonline/node_modules/@esbuild/linux-arm'
91 silly reify ]
92 verbose reify failed optional dependency /data/data/com.termux/files/home/primeiravendaonline/node_modules/@esbuild/freebsd-x64
93 silly reify mark deleted [
93 silly reify   '/data/data/com.termux/files/home/primeiravendaonline/node_modules/@esbuild/freebsd-x64'
93 silly reify ]
94 verbose reify failed optional dependency /data/data/com.termux/files/home/primeiravendaonline/node_modules/@esbuild/freebsd-arm64
95 silly reify mark deleted [
95 silly reify   '/data/data/com.termux/files/home/primeiravendaonline/node_modules/@esbuild/freebsd-arm64'
95 silly reify ]
96 verbose reify failed optional dependency /data/data/com.termux/files/home/primeiravendaonline/node_modules/@esbuild/darwin-x64
97 silly reify mark deleted [
97 silly reify   '/data/data/com.termux/files/home/primeiravendaonline/node_modules/@esbuild/darwin-x64'
97 silly reify ]
98 verbose reify failed optional dependency /data/data/com.termux/files/home/primeiravendaonline/node_modules/@esbuild/darwin-arm64
99 silly reify mark deleted [
99 silly reify   '/data/data/com.termux/files/home/primeiravendaonline/node_modules/@esbuild/darwin-arm64'
99 silly reify ]
100 verbose reify failed optional dependency /data/data/com.termux/files/home/primeiravendaonline/node_modules/@esbuild/android-x64
101 silly reify mark deleted [
101 silly reify   '/data/data/com.termux/files/home/primeiravendaonline/node_modules/@esbuild/android-x64'
101 silly reify ]
102 verbose reify failed optional dependency /data/data/com.termux/files/home/primeiravendaonline/node_modules/@esbuild/android-arm
103 silly reify mark deleted [
103 silly reify   '/data/data/com.termux/files/home/primeiravendaonline/node_modules/@esbuild/android-arm'
103 silly reify ]
104 verbose reify failed optional dependency /data/data/com.termux/files/home/primeiravendaonline/node_modules/@esbuild/aix-ppc64
105 silly reify mark deleted [
105 silly reify   '/data/data/com.termux/files/home/primeiravendaonline/node_modules/@esbuild/aix-ppc64'
105 silly reify ]
106 verbose reify failed optional dependency /data/data/com.termux/files/home/primeiravendaonline/node_modules/vite/node_modules/@esbuild/win32-x64
107 silly reify mark deleted [
107 silly reify   '/data/data/com.termux/files/home/primeiravendaonline/node_modules/vite/node_modules/@esbuild/win32-x64'
107 silly reify ]
108 verbose reify failed optional dependency /data/data/com.termux/files/home/primeiravendaonline/node_modules/vite/node_modules/@esbuild/win32-ia32
109 silly reify mark deleted [
109 silly reify   '/data/data/com.termux/files/home/primeiravendaonline/node_modules/vite/node_modules/@esbuild/win32-ia32'
109 silly reify ]
110 verbose reify failed optional dependency /data/data/com.termux/files/home/primeiravendaonline/node_modules/vite/node_modules/@esbuild/win32-arm64
111 silly reify mark deleted [
111 silly reify   '/data/data/com.termux/files/home/primeiravendaonline/node_modules/vite/node_modules/@esbuild/win32-arm64'
111 silly reify ]
112 verbose reify failed optional dependency /data/data/com.termux/files/home/primeiravendaonline/node_modules/vite/node_modules/@esbuild/sunos-x64
113 silly reify mark deleted [
113 silly reify   '/data/data/com.termux/files/home/primeiravendaonline/node_modules/vite/node_modules/@esbuild/sunos-x64'
113 silly reify ]
114 verbose reify failed optional dependency /data/data/com.termux/files/home/primeiravendaonline/node_modules/vite/node_modules/@esbuild/openbsd-x64
115 silly reify mark deleted [
115 silly reify   '/data/data/com.termux/files/home/primeiravendaonline/node_modules/vite/node_modules/@esbuild/openbsd-x64'
115 silly reify ]
116 verbose reify failed optional dependency /data/data/com.termux/files/home/primeiravendaonline/node_modules/vite/node_modules/@esbuild/netbsd-x64
117 silly reify mark deleted [
117 silly reify   '/data/data/com.termux/files/home/primeiravendaonline/node_modules/vite/node_modules/@esbuild/netbsd-x64'
117 silly reify ]
118 verbose reify failed optional dependency /data/data/com.termux/files/home/primeiravendaonline/node_modules/vite/node_modules/@esbuild/linux-x64
119 silly reify mark deleted [
119 silly reify   '/data/data/com.termux/files/home/primeiravendaonline/node_modules/vite/node_modules/@esbuild/linux-x64'
119 silly reify ]
120 verbose reify failed optional dependency /data/data/com.termux/files/home/primeiravendaonline/node_modules/vite/node_modules/@esbuild/linux-s390x
121 silly reify mark deleted [
121 silly reify   '/data/data/com.termux/files/home/primeiravendaonline/node_modules/vite/node_modules/@esbuild/linux-s390x'
121 silly reify ]
122 verbose reify failed optional dependency /data/data/com.termux/files/home/primeiravendaonline/node_modules/vite/node_modules/@esbuild/linux-riscv64
123 silly reify mark deleted [
123 silly reify   '/data/data/com.termux/files/home/primeiravendaonline/node_modules/vite/node_modules/@esbuild/linux-riscv64'
123 silly reify ]
124 verbose reify failed optional dependency /data/data/com.termux/files/home/primeiravendaonline/node_modules/vite/node_modules/@esbuild/linux-ppc64
125 silly reify mark deleted [
125 silly reify   '/data/data/com.termux/files/home/primeiravendaonline/node_modules/vite/node_modules/@esbuild/linux-ppc64'
125 silly reify ]
126 verbose reify failed optional dependency /data/data/com.termux/files/home/primeiravendaonline/node_modules/vite/node_modules/@esbuild/linux-mips64el
127 silly reify mark deleted [
127 silly reify   '/data/data/com.termux/files/home/primeiravendaonline/node_modules/vite/node_modules/@esbuild/linux-mips64el'
127 silly reify ]
128 verbose reify failed optional dependency /data/data/com.termux/files/home/primeiravendaonline/node_modules/vite/node_modules/@esbuild/linux-loong64
129 silly reify mark deleted [
129 silly reify   '/data/data/com.termux/files/home/primeiravendaonline/node_modules/vite/node_modules/@esbuild/linux-loong64'
129 silly reify ]
130 verbose reify failed optional dependency /data/data/com.termux/files/home/primeiravendaonline/node_modules/vite/node_modules/@esbuild/linux-ia32
131 silly reify mark deleted [
131 silly reify   '/data/data/com.termux/files/home/primeiravendaonline/node_modules/vite/node_modules/@esbuild/linux-ia32'
131 silly reify ]
132 verbose reify failed optional dependency /data/data/com.termux/files/home/primeiravendaonline/node_modules/vite/node_modules/@esbuild/linux-arm64
133 silly reify mark deleted [
133 silly reify   '/data/data/com.termux/files/home/primeiravendaonline/node_modules/vite/node_modules/@esbuild/linux-arm64'
133 silly reify ]
134 verbose reify failed optional dependency /data/data/com.termux/files/home/primeiravendaonline/node_modules/vite/node_modules/@esbuild/linux-arm
135 silly reify mark deleted [
135 silly reify   '/data/data/com.termux/files/home/primeiravendaonline/node_modules/vite/node_modules/@esbuild/linux-arm'
135 silly reify ]
136 verbose reify failed optional dependency /data/data/com.termux/files/home/primeiravendaonline/node_modules/vite/node_modules/@esbuild/freebsd-x64
137 silly reify mark deleted [
137 silly reify   '/data/data/com.termux/files/home/primeiravendaonline/node_modules/vite/node_modules/@esbuild/freebsd-x64'
137 silly reify ]
138 verbose reify failed optional dependency /data/data/com.termux/files/home/primeiravendaonline/node_modules/vite/node_modules/@esbuild/freebsd-arm64
139 silly reify mark deleted [
139 silly reify   '/data/data/com.termux/files/home/primeiravendaonline/node_modules/vite/node_modules/@esbuild/freebsd-arm64'
139 silly reify ]
140 verbose reify failed optional dependency /data/data/com.termux/files/home/primeiravendaonline/node_modules/vite/node_modules/@esbuild/darwin-x64
141 silly reify mark deleted [
141 silly reify   '/data/data/com.termux/files/home/primeiravendaonline/node_modules/vite/node_modules/@esbuild/darwin-x64'
141 silly reify ]
142 verbose reify failed optional dependency /data/data/com.termux/files/home/primeiravendaonline/node_modules/vite/node_modules/@esbuild/darwin-arm64
143 silly reify mark deleted [
143 silly reify   '/data/data/com.termux/files/home/primeiravendaonline/node_modules/vite/node_modules/@esbuild/darwin-arm64'
143 silly reify ]
144 verbose reify failed optional dependency /data/data/com.termux/files/home/primeiravendaonline/node_modules/vite/node_modules/@esbuild/android-x64
145 silly reify mark deleted [
145 silly reify   '/data/data/com.termux/files/home/primeiravendaonline/node_modules/vite/node_modules/@esbuild/android-x64'
145 silly reify ]
146 verbose reify failed optional dependency /data/data/com.termux/files/home/primeiravendaonline/node_modules/vite/node_modules/@esbuild/android-arm
147 silly reify mark deleted [
147 silly reify   '/data/data/com.termux/files/home/primeiravendaonline/node_modules/vite/node_modules/@esbuild/android-arm'
147 silly reify ]
148 verbose reify failed optional dependency /data/data/com.termux/files/home/primeiravendaonline/node_modules/vite/node_modules/@esbuild/aix-ppc64
149 silly reify mark deleted [
149 silly reify   '/data/data/com.termux/files/home/primeiravendaonline/node_modules/vite/node_modules/@esbuild/aix-ppc64'
149 silly reify ]
150 verbose reify failed optional dependency /data/data/com.termux/files/home/primeiravendaonline/node_modules/tsx/node_modules/@esbuild/win32-x64
151 silly reify mark deleted [
151 silly reify   '/data/data/com.termux/files/home/primeiravendaonline/node_modules/tsx/node_modules/@esbuild/win32-x64'
151 silly reify ]
152 verbose reify failed optional dependency /data/data/com.termux/files/home/primeiravendaonline/node_modules/tsx/node_modules/@esbuild/win32-ia32
153 silly reify mark deleted [
153 silly reify   '/data/data/com.termux/files/home/primeiravendaonline/node_modules/tsx/node_modules/@esbuild/win32-ia32'
153 silly reify ]
154 verbose reify failed optional dependency /data/data/com.termux/files/home/primeiravendaonline/node_modules/tsx/node_modules/@esbuild/win32-arm64
155 silly reify mark deleted [
155 silly reify   '/data/data/com.termux/files/home/primeiravendaonline/node_modules/tsx/node_modules/@esbuild/win32-arm64'
155 silly reify ]
156 verbose reify failed optional dependency /data/data/com.termux/files/home/primeiravendaonline/node_modules/tsx/node_modules/@esbuild/sunos-x64
157 silly reify mark deleted [
157 silly reify   '/data/data/com.termux/files/home/primeiravendaonline/node_modules/tsx/node_modules/@esbuild/sunos-x64'
157 silly reify ]
158 verbose reify failed optional dependency /data/data/com.termux/files/home/primeiravendaonline/node_modules/tsx/node_modules/@esbuild/openbsd-x64
159 silly reify mark deleted [
159 silly reify   '/data/data/com.termux/files/home/primeiravendaonline/node_modules/tsx/node_modules/@esbuild/openbsd-x64'
159 silly reify ]
160 verbose reify failed optional dependency /data/data/com.termux/files/home/primeiravendaonline/node_modules/tsx/node_modules/@esbuild/openbsd-arm64
161 silly reify mark deleted [
161 silly reify   '/data/data/com.termux/files/home/primeiravendaonline/node_modules/tsx/node_modules/@esbuild/openbsd-arm64'
161 silly reify ]
162 verbose reify failed optional dependency /data/data/com.termux/files/home/primeiravendaonline/node_modules/tsx/node_modules/@esbuild/netbsd-x64
163 silly reify mark deleted [
163 silly reify   '/data/data/com.termux/files/home/primeiravendaonline/node_modules/tsx/node_modules/@esbuild/netbsd-x64'
163 silly reify ]
164 verbose reify failed optional dependency /data/data/com.termux/files/home/primeiravendaonline/node_modules/tsx/node_modules/@esbuild/linux-x64
165 silly reify mark deleted [
165 silly reify   '/data/data/com.termux/files/home/primeiravendaonline/node_modules/tsx/node_modules/@esbuild/linux-x64'
165 silly reify ]
166 verbose reify failed optional dependency /data/data/com.termux/files/home/primeiravendaonline/node_modules/tsx/node_modules/@esbuild/linux-s390x
167 silly reify mark deleted [
167 silly reify   '/data/data/com.termux/files/home/primeiravendaonline/node_modules/tsx/node_modules/@esbuild/linux-s390x'
167 silly reify ]
168 verbose reify failed optional dependency /data/data/com.termux/files/home/primeiravendaonline/node_modules/tsx/node_modules/@esbuild/linux-riscv64
169 silly reify mark deleted [
169 silly reify   '/data/data/com.termux/files/home/primeiravendaonline/node_modules/tsx/node_modules/@esbuild/linux-riscv64'
169 silly reify ]
170 verbose reify failed optional dependency /data/data/com.termux/files/home/primeiravendaonline/node_modules/tsx/node_modules/@esbuild/linux-ppc64
171 silly reify mark deleted [
171 silly reify   '/data/data/com.termux/files/home/primeiravendaonline/node_modules/tsx/node_modules/@esbuild/linux-ppc64'
171 silly reify ]
172 verbose reify failed optional dependency /data/data/com.termux/files/home/primeiravendaonline/node_modules/tsx/node_modules/@esbuild/linux-mips64el
173 silly reify mark deleted [
173 silly reify   '/data/data/com.termux/files/home/primeiravendaonline/node_modules/tsx/node_modules/@esbuild/linux-mips64el'
173 silly reify ]
174 verbose reify failed optional dependency /data/data/com.termux/files/home/primeiravendaonline/node_modules/tsx/node_modules/@esbuild/linux-loong64
175 silly reify mark deleted [
175 silly reify   '/data/data/com.termux/files/home/primeiravendaonline/node_modules/tsx/node_modules/@esbuild/linux-loong64'
175 silly reify ]
176 verbose reify failed optional dependency /data/data/com.termux/files/home/primeiravendaonline/node_modules/tsx/node_modules/@esbuild/linux-ia32
177 silly reify mark deleted [
177 silly reify   '/data/data/com.termux/files/home/primeiravendaonline/node_modules/tsx/node_modules/@esbuild/linux-ia32'
177 silly reify ]
178 verbose reify failed optional dependency /data/data/com.termux/files/home/primeiravendaonline/node_modules/tsx/node_modules/@esbuild/linux-arm64
179 silly reify mark deleted [
179 silly reify   '/data/data/com.termux/files/home/primeiravendaonline/node_modules/tsx/node_modules/@esbuild/linux-arm64'
179 silly reify ]
180 verbose reify failed optional dependency /data/data/com.termux/files/home/primeiravendaonline/node_modules/tsx/node_modules/@esbuild/linux-arm
181 silly reify mark deleted [
181 silly reify   '/data/data/com.termux/files/home/primeiravendaonline/node_modules/tsx/node_modules/@esbuild/linux-arm'
181 silly reify ]
182 verbose reify failed optional dependency /data/data/com.termux/files/home/primeiravendaonline/node_modules/tsx/node_modules/@esbuild/freebsd-x64
183 silly reify mark deleted [
183 silly reify   '/data/data/com.termux/files/home/primeiravendaonline/node_modules/tsx/node_modules/@esbuild/freebsd-x64'
183 silly reify ]
184 verbose reify failed optional dependency /data/data/com.termux/files/home/primeiravendaonline/node_modules/tsx/node_modules/@esbuild/freebsd-arm64
185 silly reify mark deleted [
185 silly reify   '/data/data/com.termux/files/home/primeiravendaonline/node_modules/tsx/node_modules/@esbuild/freebsd-arm64'
185 silly reify ]
186 verbose reify failed optional dependency /data/data/com.termux/files/home/primeiravendaonline/node_modules/tsx/node_modules/@esbuild/darwin-x64
187 silly reify mark deleted [
187 silly reify   '/data/data/com.termux/files/home/primeiravendaonline/node_modules/tsx/node_modules/@esbuild/darwin-x64'
187 silly reify ]
188 verbose reify failed optional dependency /data/data/com.termux/files/home/primeiravendaonline/node_modules/tsx/node_modules/@esbuild/darwin-arm64
189 silly reify mark deleted [
189 silly reify   '/data/data/com.termux/files/home/primeiravendaonline/node_modules/tsx/node_modules/@esbuild/darwin-arm64'
189 silly reify ]
190 verbose reify failed optional dependency /data/data/com.termux/files/home/primeiravendaonline/node_modules/tsx/node_modules/@esbuild/android-x64
191 silly reify mark deleted [
191 silly reify   '/data/data/com.termux/files/home/primeiravendaonline/node_modules/tsx/node_modules/@esbuild/android-x64'
191 silly reify ]
192 verbose reify failed optional dependency /data/data/com.termux/files/home/primeiravendaonline/node_modules/tsx/node_modules/@esbuild/android-arm
193 silly reify mark deleted [
193 silly reify   '/data/data/com.termux/files/home/primeiravendaonline/node_modules/tsx/node_modules/@esbuild/android-arm'
193 silly reify ]
194 verbose reify failed optional dependency /data/data/com.termux/files/home/primeiravendaonline/node_modules/tsx/node_modules/@esbuild/aix-ppc64
195 silly reify mark deleted [
195 silly reify   '/data/data/com.termux/files/home/primeiravendaonline/node_modules/tsx/node_modules/@esbuild/aix-ppc64'
195 silly reify ]
196 verbose reify failed optional dependency /data/data/com.termux/files/home/primeiravendaonline/node_modules/drizzle-kit/node_modules/@esbuild/win32-x64
197 silly reify mark deleted [
197 silly reify   '/data/data/com.termux/files/home/primeiravendaonline/node_modules/drizzle-kit/node_modules/@esbuild/win32-x64'
197 silly reify ]
198 verbose reify failed optional dependency /data/data/com.termux/files/home/primeiravendaonline/node_modules/drizzle-kit/node_modules/@esbuild/win32-ia32
199 silly reify mark deleted [
199 silly reify   '/data/data/com.termux/files/home/primeiravendaonline/node_modules/drizzle-kit/node_modules/@esbuild/win32-ia32'
199 silly reify ]
200 verbose reify failed optional dependency /data/data/com.termux/files/home/primeiravendaonline/node_modules/drizzle-kit/node_modules/@esbuild/win32-arm64
201 silly reify mark deleted [
201 silly reify   '/data/data/com.termux/files/home/primeiravendaonline/node_modules/drizzle-kit/node_modules/@esbuild/win32-arm64'
201 silly reify ]
202 verbose reify failed optional dependency /data/data/com.termux/files/home/primeiravendaonline/node_modules/drizzle-kit/node_modules/@esbuild/sunos-x64
203 silly reify mark deleted [
203 silly reify   '/data/data/com.termux/files/home/primeiravendaonline/node_modules/drizzle-kit/node_modules/@esbuild/sunos-x64'
203 silly reify ]
204 verbose reify failed optional dependency /data/data/com.termux/files/home/primeiravendaonline/node_modules/drizzle-kit/node_modules/@esbuild/openbsd-x64
205 silly reify mark deleted [
205 silly reify   '/data/data/com.termux/files/home/primeiravendaonline/node_modules/drizzle-kit/node_modules/@esbuild/openbsd-x64'
205 silly reify ]
206 verbose reify failed optional dependency /data/data/com.termux/files/home/primeiravendaonline/node_modules/drizzle-kit/node_modules/@esbuild/netbsd-x64
207 silly reify mark deleted [
207 silly reify   '/data/data/com.termux/files/home/primeiravendaonline/node_modules/drizzle-kit/node_modules/@esbuild/netbsd-x64'
207 silly reify ]
208 verbose reify failed optional dependency /data/data/com.termux/files/home/primeiravendaonline/node_modules/drizzle-kit/node_modules/@esbuild/linux-x64
209 silly reify mark deleted [
209 silly reify   '/data/data/com.termux/files/home/primeiravendaonline/node_modules/drizzle-kit/node_modules/@esbuild/linux-x64'
209 silly reify ]
210 verbose reify failed optional dependency /data/data/com.termux/files/home/primeiravendaonline/node_modules/drizzle-kit/node_modules/@esbuild/linux-s390x
211 silly reify mark deleted [
211 silly reify   '/data/data/com.termux/files/home/primeiravendaonline/node_modules/drizzle-kit/node_modules/@esbuild/linux-s390x'
211 silly reify ]
212 verbose reify failed optional dependency /data/data/com.termux/files/home/primeiravendaonline/node_modules/drizzle-kit/node_modules/@esbuild/linux-riscv64
213 silly reify mark deleted [
213 silly reify   '/data/data/com.termux/files/home/primeiravendaonline/node_modules/drizzle-kit/node_modules/@esbuild/linux-riscv64'
213 silly reify ]
214 verbose reify failed optional dependency /data/data/com.termux/files/home/primeiravendaonline/node_modules/drizzle-kit/node_modules/@esbuild/linux-ppc64
215 silly reify mark deleted [
215 silly reify   '/data/data/com.termux/files/home/primeiravendaonline/node_modules/drizzle-kit/node_modules/@esbuild/linux-ppc64'
215 silly reify ]
216 verbose reify failed optional dependency /data/data/com.termux/files/home/primeiravendaonline/node_modules/drizzle-kit/node_modules/@esbuild/linux-mips64el
217 silly reify mark deleted [
217 silly reify   '/data/data/com.termux/files/home/primeiravendaonline/node_modules/drizzle-kit/node_modules/@esbuild/linux-mips64el'
217 silly reify ]
218 verbose reify failed optional dependency /data/data/com.termux/files/home/primeiravendaonline/node_modules/drizzle-kit/node_modules/@esbuild/linux-loong64
219 silly reify mark deleted [
219 silly reify   '/data/data/com.termux/files/home/primeiravendaonline/node_modules/drizzle-kit/node_modules/@esbuild/linux-loong64'
219 silly reify ]
220 verbose reify failed optional dependency /data/data/com.termux/files/home/primeiravendaonline/node_modules/drizzle-kit/node_modules/@esbuild/linux-ia32
221 silly reify mark deleted [
221 silly reify   '/data/data/com.termux/files/home/primeiravendaonline/node_modules/drizzle-kit/node_modules/@esbuild/linux-ia32'
221 silly reify ]
222 verbose reify failed optional dependency /data/data/com.termux/files/home/primeiravendaonline/node_modules/drizzle-kit/node_modules/@esbuild/linux-arm64
223 silly reify mark deleted [
223 silly reify   '/data/data/com.termux/files/home/primeiravendaonline/node_modules/drizzle-kit/node_modules/@esbuild/linux-arm64'
223 silly reify ]
224 verbose reify failed optional dependency /data/data/com.termux/files/home/primeiravendaonline/node_modules/drizzle-kit/node_modules/@esbuild/linux-arm
225 silly reify mark deleted [
225 silly reify   '/data/data/com.termux/files/home/primeiravendaonline/node_modules/drizzle-kit/node_modules/@esbuild/linux-arm'
225 silly reify ]
226 verbose reify failed optional dependency /data/data/com.termux/files/home/primeiravendaonline/node_modules/drizzle-kit/node_modules/@esbuild/freebsd-x64
227 silly reify mark deleted [
227 silly reify   '/data/data/com.termux/files/home/primeiravendaonline/node_modules/drizzle-kit/node_modules/@esbuild/freebsd-x64'
227 silly reify ]
228 verbose reify failed optional dependency /data/data/com.termux/files/home/primeiravendaonline/node_modules/drizzle-kit/node_modules/@esbuild/freebsd-arm64
229 silly reify mark deleted [
229 silly reify   '/data/data/com.termux/files/home/primeiravendaonline/node_modules/drizzle-kit/node_modules/@esbuild/freebsd-arm64'
229 silly reify ]
230 verbose reify failed optional dependency /data/data/com.termux/files/home/primeiravendaonline/node_modules/drizzle-kit/node_modules/@esbuild/darwin-x64
231 silly reify mark deleted [
231 silly reify   '/data/data/com.termux/files/home/primeiravendaonline/node_modules/drizzle-kit/node_modules/@esbuild/darwin-x64'
231 silly reify ]
232 verbose reify failed optional dependency /data/data/com.termux/files/home/primeiravendaonline/node_modules/drizzle-kit/node_modules/@esbuild/darwin-arm64
233 silly reify mark deleted [
233 silly reify   '/data/data/com.termux/files/home/primeiravendaonline/node_modules/drizzle-kit/node_modules/@esbuild/darwin-arm64'
233 silly reify ]
234 verbose reify failed optional dependency /data/data/com.termux/files/home/primeiravendaonline/node_modules/drizzle-kit/node_modules/@esbuild/android-x64
235 silly reify mark deleted [
235 silly reify   '/data/data/com.termux/files/home/primeiravendaonline/node_modules/drizzle-kit/node_modules/@esbuild/android-x64'
235 silly reify ]
236 verbose reify failed optional dependency /data/data/com.termux/files/home/primeiravendaonline/node_modules/drizzle-kit/node_modules/@esbuild/android-arm
237 silly reify mark deleted [
237 silly reify   '/data/data/com.termux/files/home/primeiravendaonline/node_modules/drizzle-kit/node_modules/@esbuild/android-arm'
237 silly reify ]
238 verbose reify failed optional dependency /data/data/com.termux/files/home/primeiravendaonline/node_modules/drizzle-kit/node_modules/@esbuild/aix-ppc64
239 silly reify mark deleted [
239 silly reify   '/data/data/com.termux/files/home/primeiravendaonline/node_modules/drizzle-kit/node_modules/@esbuild/aix-ppc64'
239 silly reify ]
240 verbose reify failed optional dependency /data/data/com.termux/files/home/primeiravendaonline/node_modules/@esbuild-kit/core-utils/node_modules/@esbuild/win32-x64
241 silly reify mark deleted [
241 silly reify   '/data/data/com.termux/files/home/primeiravendaonline/node_modules/@esbuild-kit/core-utils/node_modules/@esbuild/win32-x64'
241 silly reify ]
242 verbose reify failed optional dependency /data/data/com.termux/files/home/primeiravendaonline/node_modules/@esbuild-kit/core-utils/node_modules/@esbuild/win32-ia32
243 silly reify mark deleted [
243 silly reify   '/data/data/com.termux/files/home/primeiravendaonline/node_modules/@esbuild-kit/core-utils/node_modules/@esbuild/win32-ia32'
243 silly reify ]
244 verbose reify failed optional dependency /data/data/com.termux/files/home/primeiravendaonline/node_modules/@esbuild-kit/core-utils/node_modules/@esbuild/win32-arm64
245 silly reify mark deleted [
245 silly reify   '/data/data/com.termux/files/home/primeiravendaonline/node_modules/@esbuild-kit/core-utils/node_modules/@esbuild/win32-arm64'
245 silly reify ]
246 verbose reify failed optional dependency /data/data/com.termux/files/home/primeiravendaonline/node_modules/@esbuild-kit/core-utils/node_modules/@esbuild/sunos-x64
247 silly reify mark deleted [
247 silly reify   '/data/data/com.termux/files/home/primeiravendaonline/node_modules/@esbuild-kit/core-utils/node_modules/@esbuild/sunos-x64'
247 silly reify ]
248 verbose reify failed optional dependency /data/data/com.termux/files/home/primeiravendaonline/node_modules/@esbuild-kit/core-utils/node_modules/@esbuild/openbsd-x64
249 silly reify mark deleted [
249 silly reify   '/data/data/com.termux/files/home/primeiravendaonline/node_modules/@esbuild-kit/core-utils/node_modules/@esbuild/openbsd-x64'
249 silly reify ]
250 verbose reify failed optional dependency /data/data/com.termux/files/home/primeiravendaonline/node_modules/@esbuild-kit/core-utils/node_modules/@esbuild/netbsd-x64
251 silly reify mark deleted [
251 silly reify   '/data/data/com.termux/files/home/primeiravendaonline/node_modules/@esbuild-kit/core-utils/node_modules/@esbuild/netbsd-x64'
251 silly reify ]
252 verbose reify failed optional dependency /data/data/com.termux/files/home/primeiravendaonline/node_modules/@esbuild-kit/core-utils/node_modules/@esbuild/linux-x64
253 silly reify mark deleted [
253 silly reify   '/data/data/com.termux/files/home/primeiravendaonline/node_modules/@esbuild-kit/core-utils/node_modules/@esbuild/linux-x64'
253 silly reify ]
254 verbose reify failed optional dependency /data/data/com.termux/files/home/primeiravendaonline/node_modules/@esbuild-kit/core-utils/node_modules/@esbuild/linux-s390x
255 silly reify mark deleted [
255 silly reify   '/data/data/com.termux/files/home/primeiravendaonline/node_modules/@esbuild-kit/core-utils/node_modules/@esbuild/linux-s390x'
255 silly reify ]
256 verbose reify failed optional dependency /data/data/com.termux/files/home/primeiravendaonline/node_modules/@esbuild-kit/core-utils/node_modules/@esbuild/linux-riscv64
257 silly reify mark deleted [
257 silly reify   '/data/data/com.termux/files/home/primeiravendaonline/node_modules/@esbuild-kit/core-utils/node_modules/@esbuild/linux-riscv64'
257 silly reify ]
258 verbose reify failed optional dependency /data/data/com.termux/files/home/primeiravendaonline/node_modules/@esbuild-kit/core-utils/node_modules/@esbuild/linux-ppc64
259 silly reify mark deleted [
259 silly reify   '/data/data/com.termux/files/home/primeiravendaonline/node_modules/@esbuild-kit/core-utils/node_modules/@esbuild/linux-ppc64'
259 silly reify ]
260 verbose reify failed optional dependency /data/data/com.termux/files/home/primeiravendaonline/node_modules/@esbuild-kit/core-utils/node_modules/@esbuild/linux-mips64el
261 silly reify mark deleted [
261 silly reify   '/data/data/com.termux/files/home/primeiravendaonline/node_modules/@esbuild-kit/core-utils/node_modules/@esbuild/linux-mips64el'
261 silly reify ]
262 verbose reify failed optional dependency /data/data/com.termux/files/home/primeiravendaonline/node_modules/@esbuild-kit/core-utils/node_modules/@esbuild/linux-loong64
263 silly reify mark deleted [
263 silly reify   '/data/data/com.termux/files/home/primeiravendaonline/node_modules/@esbuild-kit/core-utils/node_modules/@esbuild/linux-loong64'
263 silly reify ]
264 verbose reify failed optional dependency /data/data/com.termux/files/home/primeiravendaonline/node_modules/@esbuild-kit/core-utils/node_modules/@esbuild/linux-ia32
265 silly reify mark deleted [
265 silly reify   '/data/data/com.termux/files/home/primeiravendaonline/node_modules/@esbuild-kit/core-utils/node_modules/@esbuild/linux-ia32'
265 silly reify ]
266 verbose reify failed optional dependency /data/data/com.termux/files/home/primeiravendaonline/node_modules/@esbuild-kit/core-utils/node_modules/@esbuild/linux-arm64
267 silly reify mark deleted [
267 silly reify   '/data/data/com.termux/files/home/primeiravendaonline/node_modules/@esbuild-kit/core-utils/node_modules/@esbuild/linux-arm64'
267 silly reify ]
268 verbose reify failed optional dependency /data/data/com.termux/files/home/primeiravendaonline/node_modules/@esbuild-kit/core-utils/node_modules/@esbuild/linux-arm
269 silly reify mark deleted [
269 silly reify   '/data/data/com.termux/files/home/primeiravendaonline/node_modules/@esbuild-kit/core-utils/node_modules/@esbuild/linux-arm'
269 silly reify ]
270 verbose reify failed optional dependency /data/data/com.termux/files/home/primeiravendaonline/node_modules/@esbuild-kit/core-utils/node_modules/@esbuild/freebsd-x64
271 silly reify mark deleted [
271 silly reify   '/data/data/com.termux/files/home/primeiravendaonline/node_modules/@esbuild-kit/core-utils/node_modules/@esbuild/freebsd-x64'
271 silly reify ]
272 verbose reify failed optional dependency /data/data/com.termux/files/home/primeiravendaonline/node_modules/@esbuild-kit/core-utils/node_modules/@esbuild/freebsd-arm64
273 silly reify mark deleted [
273 silly reify   '/data/data/com.termux/files/home/primeiravendaonline/node_modules/@esbuild-kit/core-utils/node_modules/@esbuild/freebsd-arm64'
273 silly reify ]
274 verbose reify failed optional dependency /data/data/com.termux/files/home/primeiravendaonline/node_modules/@esbuild-kit/core-utils/node_modules/@esbuild/darwin-x64
275 silly reify mark deleted [
275 silly reify   '/data/data/com.termux/files/home/primeiravendaonline/node_modules/@esbuild-kit/core-utils/node_modules/@esbuild/darwin-x64'
275 silly reify ]
276 verbose reify failed optional dependency /data/data/com.termux/files/home/primeiravendaonline/node_modules/@esbuild-kit/core-utils/node_modules/@esbuild/darwin-arm64
277 silly reify mark deleted [
277 silly reify   '/data/data/com.termux/files/home/primeiravendaonline/node_modules/@esbuild-kit/core-utils/node_modules/@esbuild/darwin-arm64'
277 silly reify ]
278 verbose reify failed optional dependency /data/data/com.termux/files/home/primeiravendaonline/node_modules/@esbuild-kit/core-utils/node_modules/@esbuild/android-x64
279 silly reify mark deleted [
279 silly reify   '/data/data/com.termux/files/home/primeiravendaonline/node_modules/@esbuild-kit/core-utils/node_modules/@esbuild/android-x64'
279 silly reify ]
280 verbose reify failed optional dependency /data/data/com.termux/files/home/primeiravendaonline/node_modules/@esbuild-kit/core-utils/node_modules/@esbuild/android-arm
281 silly reify mark deleted [
281 silly reify   '/data/data/com.termux/files/home/primeiravendaonline/node_modules/@esbuild-kit/core-utils/node_modules/@esbuild/android-arm'
281 silly reify ]
282 http fetch POST 200 https://registry.npmjs.org/-/npm/v1/security/advisories/bulk 3582ms
283 silly audit report {
283 silly audit report   '@babel/helpers': [
283 silly audit report     {
283 silly audit report       id: 1103026,
283 silly audit report       url: 'https://github.com/advisories/GHSA-968p-4wvh-cqc8',
283 silly audit report       title: 'Babel has inefficient RexExp complexity in generated code with .replace when transpiling named capturing groups',
283 silly audit report       severity: 'moderate',
283 silly audit report       vulnerable_versions: '<7.26.10',
283 silly audit report       cwe: [Array],
283 silly audit report       cvss: [Object]
283 silly audit report     }
283 silly audit report   ],
283 silly audit report   '@babel/runtime': [
283 silly audit report     {
283 silly audit report       id: 1103025,
283 silly audit report       url: 'https://github.com/advisories/GHSA-968p-4wvh-cqc8',
283 silly audit report       title: 'Babel has inefficient RexExp complexity in generated code with .replace when transpiling named capturing groups',
283 silly audit report       severity: 'moderate',
283 silly audit report       vulnerable_versions: '<7.26.10',
283 silly audit report       cwe: [Array],
283 silly audit report       cvss: [Object]
283 silly audit report     }
283 silly audit report   ],
283 silly audit report   esbuild: [
283 silly audit report     {
283 silly audit report       id: 1102341,
283 silly audit report       url: 'https://github.com/advisories/GHSA-67mh-4wv8-2f99',
283 silly audit report       title: 'esbuild enables any website to send any requests to the development server and read the response',
283 silly audit report       severity: 'moderate',
283 silly audit report       vulnerable_versions: '<=0.24.2',
283 silly audit report       cwe: [Array],
283 silly audit report       cvss: [Object]
283 silly audit report     }
283 silly audit report   ],
283 silly audit report   vite: [
283 silly audit report     {
283 silly audit report       id: 1103517,
283 silly audit report       url: 'https://github.com/advisories/GHSA-x574-m823-4x7w',
283 silly audit report       title: 'Vite bypasses server.fs.deny when using ?raw??',
283 silly audit report       severity: 'moderate',
283 silly audit report       vulnerable_versions: '>=5.0.0 <5.4.15',
283 silly audit report       cwe: [Array],
283 silly audit report       cvss: [Object]
283 silly audit report     },
283 silly audit report     {
283 silly audit report       id: 1103628,
283 silly audit report       url: 'https://github.com/advisories/GHSA-4r4m-qw57-chr8',
283 silly audit report       title: 'Vite has a `server.fs.deny` bypassed for `inline` and `raw` with `?import` query',
283 silly audit report       severity: 'moderate',
283 silly audit report       vulnerable_versions: '>=5.0.0 <5.4.16',
283 silly audit report       cwe: [Array],
283 silly audit report       cvss: [Object]
283 silly audit report     },
283 silly audit report     {
283 silly audit report       id: 1103750,
283 silly audit report       url: 'https://github.com/advisories/GHSA-xcj6-pq6g-qj4x',
283 silly audit report       title: 'Vite allows server.fs.deny to be bypassed with .svg or relative paths',
283 silly audit report       severity: 'moderate',
283 silly audit report       vulnerable_versions: '>=5.0.0 <5.4.17',
283 silly audit report       cwe: [Array],
283 silly audit report       cvss: [Object]
283 silly audit report     },
283 silly audit report     {
283 silly audit report       id: 1103884,
283 silly audit report       url: 'https://github.com/advisories/GHSA-356w-63v5-8wf4',
283 silly audit report       title: 'Vite has an `server.fs.deny` bypass with an invalid `request-target`',
283 silly audit report       severity: 'moderate',
283 silly audit report       vulnerable_versions: '>=5.0.0 <5.4.18',
283 silly audit report       cwe: [Array],
283 silly audit report       cvss: [Object]
283 silly audit report     }
283 silly audit report   ]
283 silly audit report }
284 silly packumentCache corgi:https://registry.npmjs.org/@babel%2fhelpers cache-miss
285 silly packumentCache corgi:https://registry.npmjs.org/@babel%2fruntime cache-miss
286 silly packumentCache corgi:https://registry.npmjs.org/esbuild cache-miss
287 silly packumentCache corgi:https://registry.npmjs.org/vite cache-miss
288 http fetch GET 200 https://registry.npmjs.org/esbuild 532ms (cache updated)
289 silly packumentCache corgi:https://registry.npmjs.org/esbuild set size:undefined disposed:false
290 http fetch GET 200 https://registry.npmjs.org/@babel%2fhelpers 880ms (cache updated)
291 silly packumentCache corgi:https://registry.npmjs.org/@babel%2fhelpers set size:undefined disposed:false
292 http fetch GET 200 https://registry.npmjs.org/@babel%2fruntime 897ms (cache updated)
293 silly packumentCache corgi:https://registry.npmjs.org/@babel%2fruntime set size:undefined disposed:false
294 http fetch GET 200 https://registry.npmjs.org/vite 1016ms (cache updated)
295 silly packumentCache corgi:https://registry.npmjs.org/vite set size:undefined disposed:false
296 silly packumentCache corgi:https://registry.npmjs.org/@babel%2fcore cache-miss
297 http fetch GET 200 https://registry.npmjs.org/@babel%2fcore 186ms (cache updated)
298 silly packumentCache corgi:https://registry.npmjs.org/@babel%2fcore set size:undefined disposed:false
299 silly packumentCache corgi:https://registry.npmjs.org/dom-helpers cache-miss
300 silly packumentCache corgi:https://registry.npmjs.org/react-transition-group cache-miss
301 http fetch GET 200 https://registry.npmjs.org/dom-helpers 220ms (cache updated)
302 silly packumentCache corgi:https://registry.npmjs.org/dom-helpers set size:undefined disposed:false
303 http fetch GET 200 https://registry.npmjs.org/react-transition-group 232ms (cache updated)
304 silly packumentCache corgi:https://registry.npmjs.org/react-transition-group set size:undefined disposed:false
305 silly packumentCache corgi:https://registry.npmjs.org/@esbuild-kit%2fcore-utils cache-miss
306 silly packumentCache corgi:https://registry.npmjs.org/drizzle-kit cache-miss
307 silly packumentCache corgi:https://registry.npmjs.org/tsx cache-miss
308 http fetch GET 200 https://registry.npmjs.org/tsx 848ms (cache updated)
309 silly packumentCache corgi:https://registry.npmjs.org/tsx set size:undefined disposed:false
310 http fetch GET 200 https://registry.npmjs.org/@esbuild-kit%2fcore-utils 1171ms (cache updated)
311 silly packumentCache corgi:https://registry.npmjs.org/@esbuild-kit%2fcore-utils set size:undefined disposed:false
312 http fetch GET 200 https://registry.npmjs.org/drizzle-kit 1507ms (cache updated)
313 silly packumentCache corgi:https://registry.npmjs.org/drizzle-kit set size:undefined disposed:false
314 silly packumentCache corgi:https://registry.npmjs.org/@vitejs%2fplugin-react cache-miss
315 http fetch GET 200 https://registry.npmjs.org/@vitejs%2fplugin-react 155ms (cache updated)
316 silly packumentCache corgi:https://registry.npmjs.org/@vitejs%2fplugin-react set size:undefined disposed:false
317 silly packumentCache corgi:https://registry.npmjs.org/@esbuild-kit%2fesm-loader cache-miss
318 http fetch GET 200 https://registry.npmjs.org/@esbuild-kit%2fesm-loader 466ms (cache updated)
319 silly packumentCache corgi:https://registry.npmjs.org/@esbuild-kit%2fesm-loader set size:undefined disposed:false
320 silly ADD
321 silly ADD
322 silly ADD
323 silly ADD
324 silly ADD
325 silly ADD
326 silly ADD
327 silly ADD
328 silly ADD
329 silly ADD
330 silly ADD
331 silly ADD
332 silly ADD
333 silly ADD
334 silly ADD
335 silly ADD
336 silly ADD
337 silly ADD
338 silly ADD
339 silly ADD
340 silly ADD
341 silly ADD
342 silly ADD
343 silly ADD
344 silly ADD
345 silly ADD
346 silly ADD
347 silly ADD
348 silly ADD
349 silly ADD
350 silly ADD
351 silly ADD
352 silly ADD
353 silly ADD
354 silly ADD
355 silly ADD
356 silly ADD
357 silly ADD
358 silly ADD
359 silly ADD
360 silly ADD
361 silly ADD
362 silly ADD
363 silly ADD
364 silly ADD
365 silly ADD
366 silly ADD
367 silly ADD
368 silly ADD
369 silly ADD
370 silly ADD
371 silly ADD
372 silly ADD
373 silly ADD
374 silly ADD
375 silly ADD
376 silly ADD
377 silly ADD
378 silly ADD
379 silly ADD
380 silly ADD
381 silly ADD
382 silly ADD
383 silly ADD
384 silly ADD
385 silly ADD
386 silly ADD
387 silly ADD
388 silly ADD
389 silly ADD
390 silly ADD
391 silly ADD
392 silly ADD
393 silly ADD
394 silly ADD
395 silly ADD
396 silly ADD
397 silly ADD
398 silly ADD
399 silly ADD
400 silly ADD
401 silly ADD
402 silly ADD
403 silly ADD
404 silly ADD
405 silly ADD
406 silly ADD
407 silly ADD
408 silly ADD
409 silly ADD
410 silly ADD
411 silly ADD
412 silly ADD
413 silly ADD
414 silly ADD
415 silly ADD
416 silly ADD
417 silly ADD
418 silly ADD
419 silly ADD
420 silly ADD
421 silly ADD
422 silly ADD
423 silly ADD
424 silly ADD
425 silly ADD
426 silly ADD
427 silly ADD
428 silly ADD
429 silly ADD
430 silly ADD
431 silly ADD
432 silly ADD
433 silly ADD
434 silly ADD
435 silly ADD
436 silly ADD
437 silly ADD
438 silly ADD
439 silly ADD
440 silly ADD
441 silly ADD
442 silly ADD
443 silly ADD
444 silly ADD
445 silly ADD
446 silly ADD
447 silly ADD
448 silly ADD
449 silly ADD
450 verbose cwd /data/data/com.termux/files/home/primeiravendaonline
451 verbose os Linux 4.19.111-27127798
452 verbose node v23.11.0
453 verbose npm  v10.9.2
454 verbose exit 0
455 info ok
